<?xml version="1.0" encoding="UTF-8"?>
<!-- Generated by org.testng.reporters.JUnitXMLReporter -->
<testsuite hostname="LAPTOP-GK3C948U" ignored="0" name="Test" tests="3" failures="0" timestamp="2020-04-11T20:58:56 IST" time="36.158" errors="0">
  <testcase name="facebookLogin" time="14.381" classname="com.may.maven.Facebook"/>
  <testcase name="findName" time="5.441" classname="com.may.maven.SecondTest"/>
  <testcase name="home_bu" time="16.238" classname="com.may.maven.Launch_BU"/>
</testsuite> <!-- Test -->
