<?xml version="1.0" encoding="UTF-8"?>
<testng-results skipped="0" failed="0" ignored="0" total="1" passed="1">
  <reporter-output>
  </reporter-output>
  <suite name="Default suite" duration-ms="22762" started-at="2019-10-28T13:08:02 IST" finished-at="2019-10-28T13:08:25 IST">
    <groups>
    </groups>
    <test name="Default test" duration-ms="22762" started-at="2019-10-28T13:08:02 IST" finished-at="2019-10-28T13:08:25 IST">
      <class name="com.may.maven.Facebook">
        <test-method status="PASS" signature="facebookLogin()[pri:0, instance:com.may.maven.Facebook@167fdd33]" name="facebookLogin" duration-ms="22710" started-at="2019-10-28T13:08:02 IST" finished-at="2019-10-28T13:08:25 IST">
          <reporter-output>
          </reporter-output>
        </test-method> <!-- facebookLogin -->
      </class> <!-- com.may.maven.Facebook -->
    </test> <!-- Default test -->
  </suite> <!-- Default suite -->
</testng-results>
