<?xml version="1.0" encoding="UTF-8"?>
<testng-results skipped="0" failed="0" ignored="0" total="2" passed="2">
  <reporter-output>
  </reporter-output>
  <suite name="Suite" duration-ms="19380" started-at="2020-04-11T19:24:53 IST" finished-at="2020-04-11T19:25:12 IST">
    <groups>
    </groups>
    <test name="Test" duration-ms="19380" started-at="2020-04-11T19:24:53 IST" finished-at="2020-04-11T19:25:12 IST">
      <class name="com.may.maven.SecondTest">
        <test-method status="PASS" signature="findName()[pri:0, instance:com.may.maven.SecondTest@1786dec2]" name="findName" duration-ms="4911" started-at="2020-04-11T19:25:07 IST" finished-at="2020-04-11T19:25:12 IST">
          <reporter-output>
          </reporter-output>
        </test-method> <!-- findName -->
      </class> <!-- com.may.maven.SecondTest -->
      <class name="com.may.maven.Facebook">
        <test-method status="PASS" signature="facebookLogin()[pri:0, instance:com.may.maven.Facebook@3b088d51]" name="facebookLogin" duration-ms="14425" started-at="2020-04-11T19:24:53 IST" finished-at="2020-04-11T19:25:07 IST">
          <reporter-output>
          </reporter-output>
        </test-method> <!-- facebookLogin -->
      </class> <!-- com.may.maven.Facebook -->
    </test> <!-- Test -->
  </suite> <!-- Suite -->
</testng-results>
